{"C:\\Users\\Dell\\Desktop\\alura-node-testes\\index.js": {"path":"C:\\Users\\Dell\\Desktop\\alura-node-testes\\index.js","statementMap":{"0":{"start":{"line":1,"column":24},"end":{"line":1,"column":81}},"1":{"start":{"line":1,"column":55},"end":{"line":1,"column":81}},"2":{"start":{"line":3,"column":25},"end":{"line":3,"column":68}},"3":{"start":{"line":3,"column":49},"end":{"line":3,"column":68}}},"fnMap":{"0":{"name":"(anonymous_0)","decl":{"start":{"line":1,"column":24},"end":{"line":1,"column":25}},"loc":{"start":{"line":1,"column":55},"end":{"line":1,"column":81}},"line":1},"1":{"name":"(anonymous_1)","decl":{"start":{"line":3,"column":25},"end":{"line":3,"column":26}},"loc":{"start":{"line":3,"column":49},"end":{"line":3,"column":68}},"line":3}},"branchMap":{},"s":{"0":1,"1":1,"2":1,"3":1},"f":{"0":1,"1":1},"b":{},"_coverageSchema":"1a1c01bbd47fc00a2c39e90264f33305004495a9","hash":"cea5b610d12a70567b9b33f5cc0c724431b84c5c"}
,"C:\\Users\\Dell\\Desktop\\alura-node-testes\\carrinho\\item.js": {"path":"C:\\Users\\Dell\\Desktop\\alura-node-testes\\carrinho\\item.js","statementMap":{"0":{"start":{"line":3,"column":4},"end":{"line":3,"column":21}},"1":{"start":{"line":4,"column":4},"end":{"line":4,"column":23}},"2":{"start":{"line":5,"column":4},"end":{"line":5,"column":33}},"3":{"start":{"line":9,"column":4},"end":{"line":9,"column":40}}},"fnMap":{"0":{"name":"(anonymous_0)","decl":{"start":{"line":2,"column":2},"end":{"line":2,"column":3}},"loc":{"start":{"line":2,"column":39},"end":{"line":6,"column":3}},"line":2},"1":{"name":"(anonymous_1)","decl":{"start":{"line":8,"column":2},"end":{"line":8,"column":3}},"loc":{"start":{"line":8,"column":23},"end":{"line":10,"column":3}},"line":8}},"branchMap":{},"s":{"0":2,"1":2,"2":2,"3":1},"f":{"0":2,"1":1},"b":{},"_coverageSchema":"1a1c01bbd47fc00a2c39e90264f33305004495a9","hash":"b58f3e0f15215ebc5ea9b526d8f2efcc6811873b"}
}
